<?xml version="1.0" encoding="UTF-8"?>
<!-- Generated by org.testng.reporters.JUnitXMLReporter -->
<testsuite ignored="0" hostname="IXED-LAP00425" failures="1" tests="11" name="Test" time="89.46" errors="0" timestamp="2022-03-04T13:44:14 IST">
  <testcase classname="testcases.ExecuteExceedFramwork" name="exceedTest" time="0.078"/>
  <testcase classname="testcases.ExecuteExceedFramwork" name="exceedTest" time="4.77"/>
  <testcase classname="testcases.ExecuteExceedFramwork" name="exceedTest" time="2.014"/>
  <testcase classname="testcases.ExecuteExceedFramwork" name="exceedTest" time="2.024"/>
  <testcase classname="testcases.ExecuteExceedFramwork" name="exceedTest" time="0.451"/>
  <testcase classname="testcases.ExecuteExceedFramwork" name="exceedTest" time="0.22"/>
  <testcase classname="testcases.ExecuteExceedFramwork" name="exceedTest" time="0.084"/>
  <testcase classname="testcases.ExecuteExceedFramwork" name="exceedTest" time="6.053">
    <failure type="java.lang.AssertionError" message="expected [Parameshwarappa M R] but found []">
      <![CDATA[java.lang.AssertionError: expected [Parameshwarappa M R] but found []
at operations.Uioperations.perform(Uioperations.java:278)
at testcases.ExecuteExceedFramwork.exceedTest(ExecuteExceedFramwork.java:212)
at java.base/java.util.ArrayList.forEach(ArrayList.java:1511)
... Removed 36 stack frames]]>
    </failure>
  </testcase> <!-- exceedTest -->
  <testcase classname="testcases.ExecuteExceedFramwork" name="exceedTest" time="2.012"/>
  <testcase classname="testcases.ExecuteExceedFramwork" name="exceedTest" time="68.394"/>
  <testcase classname="testcases.ExecuteExceedFramwork" name="exceedTest" time="0.006"/>
</testsuite> <!-- Test -->
