<?xml version="1.0" encoding="UTF-8"?>
<testsuite xmlns:xsi="http://www.w3.org/2001/XMLSchema-instance" xsi:noNamespaceSchemaLocation="https://maven.apache.org/surefire/maven-surefire-plugin/xsd/surefire-test-report-3.0.xsd" version="3.0" name="TestSuite" time="90.675" tests="11" errors="0" skipped="0" failures="1">
  <properties>
[...]
</properties>
  <testcase name="exceedTest" classname="testcases.ExecuteExceedFramwork" time="0.097"/>
  <testcase name="exceedTest" classname="testcases.ExecuteExceedFramwork" time="4.994"/>
  <testcase name="exceedTest" classname="testcases.ExecuteExceedFramwork" time="2.018"/>
  <testcase name="exceedTest" classname="testcases.ExecuteExceedFramwork" time="2.025"/>
  <testcase name="exceedTest" classname="testcases.ExecuteExceedFramwork" time="0.446"/>
  <testcase name="exceedTest" classname="testcases.ExecuteExceedFramwork" time="0.219"/>
  <testcase name="exceedTest" classname="testcases.ExecuteExceedFramwork" time="0.085"/>
  <testcase name="exceedTest" classname="testcases.ExecuteExceedFramwork" time="6.061">
    <failure message="expected [Parameshwarappa M R] but found []" type="java.lang.AssertionError"><![CDATA[java.lang.AssertionError: expected [Parameshwarappa M R] but found []
	at testcases.ExecuteExceedFramwork.exceedTest(ExecuteExceedFramwork.java:212)
]]></failure>
    <system-out><![CDATA[gettext is:
]]></system-out>
  </testcase>
  <testcase name="exceedTest" classname="testcases.ExecuteExceedFramwork" time="2.014"/>
  <testcase name="exceedTest" classname="testcases.ExecuteExceedFramwork" time="68.394"/>
  <testcase name="exceedTest" classname="testcases.ExecuteExceedFramwork" time="0.005"/>
</testsuite>