-------------------------------------------------------------------------------
Test set: TestSuite
-------------------------------------------------------------------------------
Tests run: 11, Failures: 1, Errors: 0, Skipped: 0, Time elapsed: 90.675 s <<< FAILURE! - in TestSuite
testcases.ExecuteExceedFramwork.exceedTest  Time elapsed: 6.061 s  <<< FAILURE!
java.lang.AssertionError: expected [Parameshwarappa M R] but found []
	at testcases.ExecuteExceedFramwork.exceedTest(ExecuteExceedFramwork.java:212)

